<?xml version='1.0' encoding='UTF-8'?>
<testsuite hostname="DESKTOP-5G4QAON" name="com.rockthejvm.SimpleTest" tests="1" errors="0" failures="0" skipped="0" time="0.021" timestamp="2024-04-20T10:52:01">
          <properties>
      <property name="java.specification.version" value="21"/><property name="sun.cpu.isalist" value="amd64"/><property name="sun.jnu.encoding" value="Cp1252"/><property name="sun.arch.data.model" value="64"/><property name="java.vendor.url" value="https://java.oracle.com/"/><property name="user.country.format" value="FI"/><property name="sun.boot.library.path" value="C:\Program Files\Java\jdk-21\bin"/><property name="sun.java.command" value="xsbt.boot.Boot test"/><property name="jdk.debug" value="release"/><property name="java.specification.vendor" value="Oracle Corporation"/><property name="java.version.date" value="2024-01-16"/><property name="java.home" value="C:\Program Files\Java\jdk-21"/><property name="file.separator" value="\"/><property name="java.vm.compressedOopsMode" value="32-bit"/><property name="line.separator" value="
"/><property name="java.vm.specification.vendor" value="Oracle Corporation"/><property name="java.specification.name" value="Java Platform API Specification"/><property name="user.script" value=""/><property name="sun.management.compiler" value="HotSpot 64-Bit Tiered Compilers"/><property name="java.runtime.version" value="21.0.2+13-LTS-58"/><property name="user.name" value="elars"/><property name="log4j.ignoreTCL" value="true"/><property name="file.encoding" value="UTF-8"/><property name="jnidispatch.path" value="C:\Users\elars\AppData\Local\Temp\jna-96589915\jna3171850260909154273.dll"/><property name="jna.loaded" value="true"/><property name="java.io.tmpdir" value="C:\Users\elars\AppData\Local\Temp\"/><property name="java.version" value="21.0.2"/><property name="java.vm.specification.name" value="Java Virtual Machine Specification"/><property name="sun.os.patch.level" value=""/><property name="native.encoding" value="Cp1252"/><property name="java.library.path" value="C:\Program Files\Java\jdk-21\bin;C:\Windows\Sun\Java\bin;C:\Windows\system32;C:\Windows;C:\ProgramData\anaconda3;C:\ProgramData\anaconda3\Library\mingw-w64\bin;C:\ProgramData\anaconda3\Library\usr\bin;C:\ProgramData\anaconda3\Library\bin;C:\ProgramData\anaconda3\Scripts;C:\ProgramData\anaconda3\bin;C:\ProgramData\anaconda3\condabin;C:\Program Files\Common Files\Oracle\Java\javapath;C:\Python312\Scripts;C:\Python312;C:\Windows\system32;C:\Windows;C:\Windows\System32\Wbem;C:\Windows\System32\WindowsPowerShell\v1.0;C:\Windows\System32\OpenSSH;C:\Program Files\nodejs;C:\ProgramData\chocolatey\bin;C:\Program Files\Amazon\AWSCLIV2;C:\Program Files\dotnet;C:\Program Files\Go\bin;C:\Program Files\Git\cmd;C:\Program Files (x86)\NVIDIA Corporation\PhysX\Common;C:\Program Files\NVIDIA Corporation\NVIDIA NvDLISR;C:\Program Files\Docker\Docker\resources\bin;C:\MinGW\bin;C:\ProgramData\anaconda3;C:\ProgramData\anaconda3\Scripts;C:\Program Files (x86)\sbt\bin;C:\Users\elars\AppData\Local\Microsoft\WindowsApps;C:\Users\elars\AppData\Roaming\npm;C:\Users\elars\AppData\Local\Programs\Microsoft VS Code\bin;C:\Users\elars\AppData\Local\gitkraken\bin;C:\Users\elars\AppData\Local\Programs\Azure Data Studio\bin;C:\Users\elars\go\bin;C:\Users\elars\AppData\Local\Programs\oh-my-posh\bin;C:\Users\elars\.dotnet\tools;C:\Program Files\JetBrains\IntelliJ IDEA 2024.1\bin;.;C:\Program Files\JetBrains\IntelliJ IDEA Community Edition 2024.1\bin;.;."/><property name="stderr.encoding" value="cp437"/><property name="java.vendor" value="Oracle Corporation"/><property name="scala.ext.dirs" value="C:\Users\elars\.sbt\1.0\java9-rt-ext-oracle_corporation_21_0_2"/><property name="sun.io.unicode.encoding" value="UnicodeLittle"/><property name="java.class.path" value="C:\Program Files (x86)\sbt\\bin\sbt-launch.jar"/><property name="java.vm.vendor" value="Oracle Corporation"/><property name="user.variant" value=""/><property name="jline.shutdownhook" value="false"/><property name="user.timezone" value="Europe/Helsinki"/><property name="java.vm.specification.version" value="21"/><property name="os.name" value="Windows 11"/><property name="sun.java.launcher" value="SUN_STANDARD"/><property name="user.country" value="US"/><property name="sun.cpu.endian" value="little"/><property name="user.home" value="C:\Users\elars"/><property name="user.language" value="en"/><property name="sbt.ipcsocket.tmpdir" value="C:\Users\elars\AppData\Local\Temp\.sbt7149348a\ipcsocket"/><property name="swoval.tmpdir" value="C:\Users\elars\AppData\Local\Temp\.sbt7149348a\swoval"/><property name="jline.esc.timeout" value="0"/><property name="stdout.encoding" value="cp437"/><property name="path.separator" value=";"/><property name="os.version" value="10.0"/><property name="jna.nosys" value="true"/><property name="java.runtime.name" value="Java(TM) SE Runtime Environment"/><property name="java.vm.name" value="Java HotSpot(TM) 64-Bit Server VM"/><property name="java.vendor.url.bug" value="https://bugreport.java.com/bugreport/"/><property name="user.dir" value="C:\Users\elars\OneDrive\Työpöytä\Projects\learn-sbt"/><property name="os.arch" value="amd64"/><property name="java.vm.info" value="mixed mode, sharing"/><property name="java.vm.version" value="21.0.2+13-LTS-58"/><property name="java.class.version" value="65.0"/>
    </properties>
          <testcase classname="com.rockthejvm.SimpleTest" name="simplest test possible" time="0.021">
                      
                    </testcase>
          <system-out><![CDATA[]]></system-out>
          <system-err><![CDATA[]]></system-err>
        </testsuite>